<?xml version="1.0" encoding="UTF-8"?>
<!-- Generated by org.testng.reporters.JUnitReportReporter -->
<testsuite skipped="0" hostname="GGN000201150001" name="com.inetBanking.testCases.BaseClass" tests="1" failures="0" timestamp="2020-04-10T13:55:32 IST" time="7.409" errors="0">
  <testcase name="openSite" time="7.409" classname="com.inetBanking.testCases.BaseClass"/>
  <system-out/>
</testsuite> <!-- com.inetBanking.testCases.BaseClass -->
