<?xml version="1.0" encoding="UTF-8"?>
<!-- Generated by org.testng.reporters.JUnitReportReporter -->
<testsuite skipped="0" hostname="GGN000201150001" name="com.inetBanking.PageObjects.BaseClass" tests="1" failures="0" timestamp="2020-04-10T13:50:59 IST" time="10.810" errors="0">
  <testcase name="openSite" time="10.810" classname="com.inetBanking.PageObjects.BaseClass"/>
  <system-out/>
</testsuite> <!-- com.inetBanking.PageObjects.BaseClass -->
