<?xml version="1.0" encoding="UTF-8"?>
<!-- Generated by org.testng.reporters.JUnitReportReporter -->
<testsuite skipped="0" hostname="GGN000201150001" name="com.inetBanking.testCases.Tc_LoginTest_001" tests="1" failures="0" timestamp="2020-04-21T18:22:41 IST" time="2.149" errors="0">
  <testcase name="loginTest" time="2.149" classname="com.inetBanking.testCases.Tc_LoginTest_001"/>
  <system-out/>
</testsuite> <!-- com.inetBanking.testCases.Tc_LoginTest_001 -->
