<?xml version="1.0" encoding="UTF-8"?>
<!-- Generated by org.testng.reporters.JUnitReportReporter -->
<testsuite skipped="0" hostname="GGN000201150001" name="com.inetBanking.testCases.TC_AddCustomerTest_003" tests="1" failures="0" timestamp="2020-04-22T21:09:27 IST" time="16.186" errors="0">
  <testcase name="addNewCustomer" time="16.186" classname="com.inetBanking.testCases.TC_AddCustomerTest_003"/>
  <system-out/>
</testsuite> <!-- com.inetBanking.testCases.TC_AddCustomerTest_003 -->
