<?xml version="1.0" encoding="UTF-8"?>
<!-- Generated by org.testng.reporters.JUnitReportReporter -->
<testsuite skipped="0" hostname="GGN000201150001" name="com.inetBanking.testCases.Tc_LoginTest_001" tests="1" failures="0" timestamp="2020-04-22T21:09:27 IST" time="2.122" errors="0">
  <testcase name="loginTest" time="2.122" classname="com.inetBanking.testCases.Tc_LoginTest_001"/>
  <system-out/>
</testsuite> <!-- com.inetBanking.testCases.Tc_LoginTest_001 -->
